[debug] [2021-11-13T10:18:24.074Z] ----------------------------------------------------------------------
[debug] [2021-11-13T10:18:24.078Z] Command:       C:\Program Files\nodejs\node.exe C:\Users\HP\AppData\Roaming\npm\node_modules\firebase-tools\lib\bin\firebase.js init
[debug] [2021-11-13T10:18:24.079Z] CLI Version:   9.22.0
[debug] [2021-11-13T10:18:24.079Z] Platform:      win32
[debug] [2021-11-13T10:18:24.079Z] Node Version:  v14.17.1
[debug] [2021-11-13T10:18:24.080Z] Time:          Sat Nov 13 2021 16:18:24 GMT+0600 (Bangladesh Standard Time)
[debug] [2021-11-13T10:18:24.080Z] ----------------------------------------------------------------------
[debug] 
[debug] [2021-11-13T10:18:24.084Z] >>> [apiv2][query] GET https://firebase-public.firebaseio.com/cli.json [none]
[debug] [2021-11-13T10:18:24.119Z] > command requires scopes: ["email","openid","https://www.googleapis.com/auth/cloudplatformprojects.readonly","https://www.googleapis.com/auth/firebase","https://www.googleapis.com/auth/cloud-platform"]
[debug] [2021-11-13T10:18:24.119Z] > authorizing via signed-in user (shilkhushii@gmail.com)
[info] 
     ######## #### ########  ######## ########     ###     ######  ########
     ##        ##  ##     ## ##       ##     ##  ##   ##  ##       ##
     ######    ##  ########  ######   ########  #########  ######  ######
     ##        ##  ##    ##  ##       ##     ## ##     ##       ## ##
     ##       #### ##     ## ######## ########  ##     ##  ######  ########

You're about to initialize a Firebase project in this directory:

  C:\Java Script\React\MIleston-12\assignment12

Before we get started, keep in mind:

  * You are currently outside your home directory

